malitounik-bgkc/build/intermediates/manifest_merge_blame_file/debug/manifest-merger-blame-debug-report.txt
1<?xml version="1.0" encoding="utf-8"?>
2<manifest xmlns:android="http://schemas.android.com/apk/res/android"
3    xmlns:dist="http://schemas.android.com/apk/distribution"
4    package="by.carkva_gazeta.malitounik"
5    android:versionCode="43552"
6    android:versionName="3.5.101" >
7
8    <uses-sdk
9        android:minSdkVersion="15"
9-->src/main/AndroidManifest.xml
10        android:targetSdkVersion="29" />
10-->src/main/AndroidManifest.xml
11
12    <uses-permission android:name="android.permission.ACCESS_NETWORK_STATE" />
12-->src/main/AndroidManifest.xml:7:5-79
12-->src/main/AndroidManifest.xml:7:22-76
13    <uses-permission android:name="android.permission.VIBRATE" />
13-->src/main/AndroidManifest.xml:8:5-66
13-->src/main/AndroidManifest.xml:8:22-63
14    <uses-permission android:name="android.permission.WRITE_EXTERNAL_STORAGE" />
14-->src/main/AndroidManifest.xml:9:5-81
14-->src/main/AndroidManifest.xml:9:22-78
15    <uses-permission android:name="android.permission.RECEIVE_BOOT_COMPLETED" />
15-->src/main/AndroidManifest.xml:10:5-81
15-->src/main/AndroidManifest.xml:10:22-78
16    <uses-permission android:name="android.permission.QUICKBOOT_POWERON" />
16-->src/main/AndroidManifest.xml:11:5-76
16-->src/main/AndroidManifest.xml:11:22-73
17    <uses-permission android:name="android.permission.INTERNET" />
17-->src/main/AndroidManifest.xml:12:5-67
17-->src/main/AndroidManifest.xml:12:22-64
18
19    <dist:module dist:instant="true" />
19-->src/main/AndroidManifest.xml:14:5-40
19-->src/main/AndroidManifest.xml:14:18-37
20
21    <application
21-->src/main/AndroidManifest.xml:16:5-335:19
22        android:name="by.carkva_gazeta.malitounik.Malitounik"
22-->src/main/AndroidManifest.xml:17:9-35
23        android:allowBackup="true"
23-->src/main/AndroidManifest.xml:18:9-35
24        android:appComponentFactory="androidx.core.app.CoreComponentFactory"
24-->[androidx.core:core:1.1.0] AndroidManifest.xml:24:18-86
25        android:debuggable="true"
25-->[:biblijateka] AndroidManifest.xml:22:9-34
26        android:fullBackupContent="@xml/backup_descriptor"
26-->src/main/AndroidManifest.xml:19:9-59
27        android:hardwareAccelerated="true"
27-->[:resources] AndroidManifest.xml:23:9-43
28        android:icon="@mipmap/ic_launcher"
28-->src/main/AndroidManifest.xml:20:9-43
29        android:installLocation="internalOnly"
29-->src/main/AndroidManifest.xml:21:9-47
30        android:label="@string/app_name"
30-->src/main/AndroidManifest.xml:22:9-41
31        android:restoreAnyVersion="true"
31-->src/main/AndroidManifest.xml:23:9-41
32        android:roundIcon="@mipmap/ic_launcher_round"
32-->src/main/AndroidManifest.xml:24:9-54
33        android:testOnly="true"
33-->[:biblijateka] AndroidManifest.xml:23:9-32
34        android:theme="@style/AppTheme" >
34-->src/main/AndroidManifest.xml:25:9-40
35        <activity
35-->src/main/AndroidManifest.xml:27:9-134:20
36            android:name="by.carkva_gazeta.malitounik.SplashActivity"
36-->src/main/AndroidManifest.xml:28:13-43
37            android:label="@string/app_name"
37-->src/main/AndroidManifest.xml:29:13-45
38            android:theme="@style/SplashTheme" >
38-->src/main/AndroidManifest.xml:30:13-47
39            <intent-filter>
39-->src/main/AndroidManifest.xml:31:13-36:29
40                <action android:name="android.intent.action.MAIN" />
40-->src/main/AndroidManifest.xml:32:17-69
40-->src/main/AndroidManifest.xml:32:25-66
41
42                <category android:name="android.intent.category.LAUNCHER" />
42-->src/main/AndroidManifest.xml:34:17-77
42-->src/main/AndroidManifest.xml:34:27-74
43                <category android:name="android.intent.category.DEFAULT" />
43-->src/main/AndroidManifest.xml:35:17-76
43-->src/main/AndroidManifest.xml:35:27-73
44            </intent-filter>
45
46            <meta-data
46-->src/main/AndroidManifest.xml:38:13-40:53
47                android:name="android.app.shortcuts"
47-->src/main/AndroidManifest.xml:39:17-53
48                android:resource="@xml/shortcuts" />
48-->src/main/AndroidManifest.xml:40:17-50
49
50            <!--
51            <meta-data
52                android:name="android.support.PARENT_ACTIVITY"
53                android:value="by.carkva_gazeta.malitounikApp.bogashlugbovya" />
54            <intent-filter>
55                <action android:name="android.intent.action.VIEW" />
56                <category android:name="android.intent.category.DEFAULT" />
57                <data android:host="by.carkva_gazeta.malitounikApp" android:scheme="file" />
58                <data android:pathPattern=".*\\.fb2\\.zip"/>
59                <data android:pathPattern=".*\\.fb2"/>
60                <data android:pathPattern=".*\\.epub"/>
61                <data android:pathPattern=".*\\.zip"/>
62                <data android:pathPattern=".*\\.txt"/>
63                <data android:pathPattern=".*\\.html"/>
64                <data android:pathPattern=".*\\.xhtml"/>
65                <data android:pathPattern=".*\\.htm"/>
66                <data android:pathPattern=".*\\.chm"/>
67                <data android:pathPattern=".*\\.pdb"/>
68                <data android:pathPattern=".*\\.doc"/>
69                <data android:pathPattern=".*\\.prc"/>
70                <data android:pathPattern=".*\\.pml"/>
71                <data android:pathPattern=".*\\.mobi"/>
72                <data android:pathPattern=".*\\.azw"/>
73                <data android:pathPattern=".*\\.tcr"/>
74            </intent-filter>
75            <intent-filter>
76                <action android:name="android.intent.action.MAIN" />
77
78                <category android:name="android.intent.category.LAUNCHER" />
79            </intent-filter>
80            -->
81            <intent-filter>
81-->src/main/AndroidManifest.xml:71:13-80:29
82                <action android:name="android.intent.action.VIEW" />
82-->src/main/AndroidManifest.xml:72:17-69
82-->src/main/AndroidManifest.xml:72:25-66
83
84                <category android:name="android.intent.category.BROWSABLE" />
84-->src/main/AndroidManifest.xml:74:17-78
84-->src/main/AndroidManifest.xml:74:27-75
85                <category android:name="android.intent.category.DEFAULT" />
85-->src/main/AndroidManifest.xml:35:17-76
85-->src/main/AndroidManifest.xml:35:27-73
86
87                <data android:scheme="content" />
87-->src/main/AndroidManifest.xml:77:17-50
87-->src/main/AndroidManifest.xml:77:23-47
88                <data android:scheme="file" />
88-->src/main/AndroidManifest.xml:77:17-50
88-->src/main/AndroidManifest.xml:77:23-47
89                <data android:mimeType="application/pdf" />
89-->src/main/AndroidManifest.xml:77:17-50
89-->src/main/AndroidManifest.xml:79:23-57
90            </intent-filter>
91            <intent-filter>
91-->src/main/AndroidManifest.xml:81:13-90:29
92                <action android:name="android.intent.action.VIEW" />
92-->src/main/AndroidManifest.xml:72:17-69
92-->src/main/AndroidManifest.xml:72:25-66
93
94                <category android:name="android.intent.category.BROWSABLE" />
94-->src/main/AndroidManifest.xml:74:17-78
94-->src/main/AndroidManifest.xml:74:27-75
95                <category android:name="android.intent.category.DEFAULT" />
95-->src/main/AndroidManifest.xml:35:17-76
95-->src/main/AndroidManifest.xml:35:27-73
96
97                <data android:scheme="content" />
97-->src/main/AndroidManifest.xml:77:17-50
97-->src/main/AndroidManifest.xml:77:23-47
98                <data android:scheme="file" />
98-->src/main/AndroidManifest.xml:77:17-50
98-->src/main/AndroidManifest.xml:77:23-47
99                <data android:mimeType="application/epub+zip" />
99-->src/main/AndroidManifest.xml:77:17-50
99-->src/main/AndroidManifest.xml:79:23-57
100            </intent-filter>
101            <!--
102            <intent-filter>
103                <action android:name="android.intent.action.VIEW" />
104
105                <category android:name="android.intent.category.BROWSABLE" />
106                <category android:name="android.intent.category.DEFAULT" />
107
108                <data android:scheme="content" />
109                <data android:scheme="file" />
110                <data android:mimeType="application/fb2" />
111            </intent-filter>
112            -->
113            <intent-filter>
113-->src/main/AndroidManifest.xml:101:13-112:29
114                <action android:name="android.intent.action.VIEW" />
114-->src/main/AndroidManifest.xml:72:17-69
114-->src/main/AndroidManifest.xml:72:25-66
115
116                <category android:name="android.intent.category.BROWSABLE" />
116-->src/main/AndroidManifest.xml:74:17-78
116-->src/main/AndroidManifest.xml:74:27-75
117                <category android:name="android.intent.category.DEFAULT" />
117-->src/main/AndroidManifest.xml:35:17-76
117-->src/main/AndroidManifest.xml:35:27-73
118
119                <data android:scheme="content" />
119-->src/main/AndroidManifest.xml:77:17-50
119-->src/main/AndroidManifest.xml:77:23-47
120                <data android:scheme="file" />
120-->src/main/AndroidManifest.xml:77:17-50
120-->src/main/AndroidManifest.xml:77:23-47
121                <data android:host="*" />
121-->src/main/AndroidManifest.xml:77:17-50
121-->src/main/AndroidManifest.xml:109:23-39
122                <data android:pathPattern=".*\\.fb2.zip" />
122-->src/main/AndroidManifest.xml:77:17-50
122-->src/main/AndroidManifest.xml:110:23-57
123                <data android:mimeType="application/zip" />
123-->src/main/AndroidManifest.xml:77:17-50
123-->src/main/AndroidManifest.xml:79:23-57
124            </intent-filter>
125
126            <!--
127            <intent-filter>
128                <action android:name="android.intent.action.VIEW" />
129
130                <category android:name="android.intent.category.DEFAULT" />
131                <category android:name="android.intent.category.BROWSABLE" />
132
133                <data android:host="m.carkva-gazeta.by" />
134                <data android:scheme="bgkc" />
135                <data android:pathPrefix="/caliandar" />
136            </intent-filter>
137            <intent-filter>
138                <action android:name="android.intent.action.VIEW" />
139
140                <category android:name="android.intent.category.DEFAULT" />
141                <category android:name="android.intent.category.BROWSABLE" />
142
143                <data android:host="m.carkva-gazeta.by" />
144                <data android:scheme="bgkc" />
145                <data android:pathPrefix="/biblija" />
146            </intent-filter>
147            -->
148        </activity>
149        <activity
149-->src/main/AndroidManifest.xml:136:9-139:59
150            android:name="by.carkva_gazeta.malitounik.MainActivity"
150-->src/main/AndroidManifest.xml:137:13-41
151            android:label="@string/app_name"
151-->src/main/AndroidManifest.xml:138:13-45
152            android:theme="@style/AppTheme.NoActionBar" />
152-->src/main/AndroidManifest.xml:139:13-56
153        <activity
153-->src/main/AndroidManifest.xml:140:9-147:20
154            android:name="by.carkva_gazeta.malitounik.onas"
154-->src/main/AndroidManifest.xml:141:13-33
155            android:label="@string/PRA_NAS"
155-->src/main/AndroidManifest.xml:142:13-44
156            android:theme="@style/AppTheme.NoActionBar" >
156-->src/main/AndroidManifest.xml:143:13-56
157            <meta-data
157-->src/main/AndroidManifest.xml:144:13-146:76
158                android:name="android.support.PARENT_ACTIVITY"
158-->src/main/AndroidManifest.xml:145:17-63
159                android:value="by.carkva_gazeta.malitounik.MainActivity" />
159-->src/main/AndroidManifest.xml:146:17-73
160        </activity>
161        <activity
161-->src/main/AndroidManifest.xml:149:9-152:59
162            android:name="by.carkva_gazeta.malitounik.caliandar_mun"
162-->src/main/AndroidManifest.xml:150:13-42
163            android:label="@string/kaliandar"
163-->src/main/AndroidManifest.xml:151:13-46
164            android:theme="@style/AppTheme.NoActionBar" />
164-->src/main/AndroidManifest.xml:152:13-56
165        <activity
165-->src/main/AndroidManifest.xml:154:9-161:20
166            android:name="by.carkva_gazeta.malitounik.pasxa"
166-->src/main/AndroidManifest.xml:155:13-34
167            android:label="@string/pascha_kaliandar_bel"
167-->src/main/AndroidManifest.xml:156:13-57
168            android:theme="@style/AppTheme.NoActionBar" >
168-->src/main/AndroidManifest.xml:157:13-56
169            <meta-data
169-->src/main/AndroidManifest.xml:144:13-146:76
170                android:name="android.support.PARENT_ACTIVITY"
170-->src/main/AndroidManifest.xml:145:17-63
171                android:value="by.carkva_gazeta.malitounik.MainActivity" />
171-->src/main/AndroidManifest.xml:146:17-73
172        </activity>
173        <activity
173-->src/main/AndroidManifest.xml:162:9-170:20
174            android:name="by.carkva_gazeta.malitounik.sabytie"
174-->src/main/AndroidManifest.xml:163:13-36
175            android:label="@string/sabytie"
175-->src/main/AndroidManifest.xml:164:13-44
176            android:theme="@style/AppTheme.NoActionBar"
176-->src/main/AndroidManifest.xml:166:13-56
177            android:windowSoftInputMode="adjustPan" >
177-->src/main/AndroidManifest.xml:165:13-52
178            <meta-data
178-->src/main/AndroidManifest.xml:144:13-146:76
179                android:name="android.support.PARENT_ACTIVITY"
179-->src/main/AndroidManifest.xml:145:17-63
180                android:value="by.carkva_gazeta.malitounik.MainActivity" />
180-->src/main/AndroidManifest.xml:146:17-73
181        </activity>
182        <activity
182-->src/main/AndroidManifest.xml:171:9-178:20
183            android:name="by.carkva_gazeta.malitounik.Help"
183-->src/main/AndroidManifest.xml:172:13-33
184            android:label="@string/help"
184-->src/main/AndroidManifest.xml:173:13-41
185            android:theme="@style/AppTheme.NoActionBar" >
185-->src/main/AndroidManifest.xml:174:13-56
186            <meta-data
186-->src/main/AndroidManifest.xml:144:13-146:76
187                android:name="android.support.PARENT_ACTIVITY"
187-->src/main/AndroidManifest.xml:145:17-63
188                android:value="by.carkva_gazeta.malitounik.MainActivity" />
188-->src/main/AndroidManifest.xml:146:17-73
189        </activity>
190        <activity
190-->src/main/AndroidManifest.xml:179:9-186:20
191            android:name="by.carkva_gazeta.malitounik.SettingsActivity"
191-->src/main/AndroidManifest.xml:180:13-45
192            android:label="@string/tools_item"
192-->src/main/AndroidManifest.xml:181:13-47
193            android:theme="@style/AppTheme.NoActionBar" >
193-->src/main/AndroidManifest.xml:182:13-56
194            <meta-data
194-->src/main/AndroidManifest.xml:144:13-146:76
195                android:name="android.support.PARENT_ACTIVITY"
195-->src/main/AndroidManifest.xml:145:17-63
196                android:value="by.carkva_gazeta.malitounik.MainActivity" />
196-->src/main/AndroidManifest.xml:146:17-73
197        </activity>
198        <activity
198-->src/main/AndroidManifest.xml:187:9-194:20
199            android:name="by.carkva_gazeta.malitounik.naviny"
199-->src/main/AndroidManifest.xml:188:13-35
200            android:configChanges="orientation|keyboardHidden|screenSize"
200-->src/main/AndroidManifest.xml:189:13-74
201            android:theme="@style/AppTheme.NoActionBar" >
201-->src/main/AndroidManifest.xml:190:13-56
202            <meta-data
202-->src/main/AndroidManifest.xml:144:13-146:76
203                android:name="android.support.PARENT_ACTIVITY"
203-->src/main/AndroidManifest.xml:145:17-63
204                android:value="by.carkva_gazeta.malitounik.MainActivity" />
204-->src/main/AndroidManifest.xml:146:17-73
205        </activity>
206        <activity
206-->src/main/AndroidManifest.xml:195:9-202:20
207            android:name="by.carkva_gazeta.malitounik.navinyView"
207-->src/main/AndroidManifest.xml:196:13-39
208            android:configChanges="orientation|keyboardHidden|screenSize"
208-->src/main/AndroidManifest.xml:197:13-74
209            android:theme="@style/AppTheme.NoActionBar" >
209-->src/main/AndroidManifest.xml:198:13-56
210            <meta-data
210-->src/main/AndroidManifest.xml:144:13-146:76
211                android:name="android.support.PARENT_ACTIVITY"
211-->src/main/AndroidManifest.xml:145:17-63
212                android:value="by.carkva_gazeta.malitounik.MainActivity" />
212-->src/main/AndroidManifest.xml:146:17-73
213        </activity>
214        <activity
214-->src/main/AndroidManifest.xml:203:9-211:20
215            android:name="by.carkva_gazeta.malitounik.search_sviatyia"
215-->src/main/AndroidManifest.xml:204:13-44
216            android:label="@string/search_svityia"
216-->src/main/AndroidManifest.xml:205:13-51
217            android:theme="@style/AppTheme.NoActionBar"
217-->src/main/AndroidManifest.xml:206:13-56
218            android:windowSoftInputMode="stateVisible|adjustPan" >
218-->src/main/AndroidManifest.xml:207:13-65
219            <meta-data
219-->src/main/AndroidManifest.xml:144:13-146:76
220                android:name="android.support.PARENT_ACTIVITY"
220-->src/main/AndroidManifest.xml:145:17-63
221                android:value="by.carkva_gazeta.malitounik.MainActivity" />
221-->src/main/AndroidManifest.xml:146:17-73
222        </activity>
223        <activity
223-->src/main/AndroidManifest.xml:212:9-219:20
224            android:name="by.carkva_gazeta.malitounik.Malitvy_paslia_prychascia"
224-->src/main/AndroidManifest.xml:213:13-54
225            android:label="@string/pasliaPrychscia"
225-->src/main/AndroidManifest.xml:214:13-52
226            android:theme="@style/AppTheme.NoActionBar" >
226-->src/main/AndroidManifest.xml:215:13-56
227            <meta-data
227-->src/main/AndroidManifest.xml:144:13-146:76
228                android:name="android.support.PARENT_ACTIVITY"
228-->src/main/AndroidManifest.xml:145:17-63
229                android:value="by.carkva_gazeta.malitounik.MainActivity" />
229-->src/main/AndroidManifest.xml:146:17-73
230        </activity>
231        <activity
231-->src/main/AndroidManifest.xml:220:9-227:20
232            android:name="by.carkva_gazeta.malitounik.Ton_niadzelny"
232-->src/main/AndroidManifest.xml:221:13-42
233            android:label="@string/ton_n"
233-->src/main/AndroidManifest.xml:222:13-42
234            android:theme="@style/AppTheme.NoActionBar" >
234-->src/main/AndroidManifest.xml:223:13-56
235            <meta-data
235-->src/main/AndroidManifest.xml:144:13-146:76
236                android:name="android.support.PARENT_ACTIVITY"
236-->src/main/AndroidManifest.xml:145:17-63
237                android:value="by.carkva_gazeta.malitounik.MainActivity" />
237-->src/main/AndroidManifest.xml:146:17-73
238        </activity>
239        <activity
239-->src/main/AndroidManifest.xml:228:9-235:20
240            android:name="by.carkva_gazeta.malitounik.Ton_na_kozny_dzen"
240-->src/main/AndroidManifest.xml:229:13-46
241            android:label="@string/ton_sh"
241-->src/main/AndroidManifest.xml:230:13-43
242            android:theme="@style/AppTheme.NoActionBar" >
242-->src/main/AndroidManifest.xml:231:13-56
243            <meta-data
243-->src/main/AndroidManifest.xml:144:13-146:76
244                android:name="android.support.PARENT_ACTIVITY"
244-->src/main/AndroidManifest.xml:145:17-63
245                android:value="by.carkva_gazeta.malitounik.MainActivity" />
245-->src/main/AndroidManifest.xml:146:17-73
246        </activity>
247        <activity
247-->src/main/AndroidManifest.xml:236:9-244:20
248            android:name="by.carkva_gazeta.malitounik.Widget_config"
248-->src/main/AndroidManifest.xml:237:13-42
249            android:excludeFromRecents="true"
249-->src/main/AndroidManifest.xml:238:13-46
250            android:taskAffinity=""
250-->src/main/AndroidManifest.xml:239:13-36
251            android:theme="@style/Theme.Transparent" >
251-->src/main/AndroidManifest.xml:240:13-53
252            <intent-filter>
252-->src/main/AndroidManifest.xml:241:13-243:29
253                <action android:name="android.appwidget.action.APPWIDGET_CONFIGURE" />
253-->src/main/AndroidManifest.xml:242:17-87
253-->src/main/AndroidManifest.xml:242:25-84
254            </intent-filter>
255        </activity>
256        <activity
256-->src/main/AndroidManifest.xml:245:9-248:59
257            android:name="by.carkva_gazeta.malitounik.help_text"
257-->src/main/AndroidManifest.xml:246:13-38
258            android:label="Даведка"
258-->src/main/AndroidManifest.xml:247:13-36
259            android:theme="@style/AppTheme.NoActionBar" />
259-->src/main/AndroidManifest.xml:248:13-56
260        <activity
260-->src/main/AndroidManifest.xml:249:9-255:20
261            android:name="by.carkva_gazeta.malitounik.novy_zapaviet2"
261-->src/main/AndroidManifest.xml:250:13-43
262            android:theme="@style/AppTheme.NoActionBar" >
262-->src/main/AndroidManifest.xml:251:13-56
263            <meta-data
263-->src/main/AndroidManifest.xml:144:13-146:76
264                android:name="android.support.PARENT_ACTIVITY"
264-->src/main/AndroidManifest.xml:145:17-63
265                android:value="by.carkva_gazeta.malitounik.MainActivity" />
265-->src/main/AndroidManifest.xml:146:17-73
266        </activity>
267        <activity
267-->src/main/AndroidManifest.xml:256:9-262:20
268            android:name="by.carkva_gazeta.malitounik.stary_zapaviet2"
268-->src/main/AndroidManifest.xml:257:13-44
269            android:theme="@style/AppTheme.NoActionBar" >
269-->src/main/AndroidManifest.xml:258:13-56
270            <meta-data
270-->src/main/AndroidManifest.xml:144:13-146:76
271                android:name="android.support.PARENT_ACTIVITY"
271-->src/main/AndroidManifest.xml:145:17-63
272                android:value="by.carkva_gazeta.malitounik.MainActivity" />
272-->src/main/AndroidManifest.xml:146:17-73
273        </activity>
274
275        <!-- android:icon="@drawable/book_icon" -->
276        <activity
276-->src/main/AndroidManifest.xml:265:9-271:20
277            android:name="by.carkva_gazeta.malitounik.novy_zapaviet_sinaidal2"
277-->src/main/AndroidManifest.xml:266:13-52
278            android:theme="@style/AppTheme.NoActionBar" >
278-->src/main/AndroidManifest.xml:267:13-56
279            <meta-data
279-->src/main/AndroidManifest.xml:144:13-146:76
280                android:name="android.support.PARENT_ACTIVITY"
280-->src/main/AndroidManifest.xml:145:17-63
281                android:value="by.carkva_gazeta.malitounik.MainActivity" />
281-->src/main/AndroidManifest.xml:146:17-73
282        </activity>
283        <activity
283-->src/main/AndroidManifest.xml:272:9-278:20
284            android:name="by.carkva_gazeta.malitounik.stary_zapaviet_sinaidal2"
284-->src/main/AndroidManifest.xml:273:13-53
285            android:theme="@style/AppTheme.NoActionBar" >
285-->src/main/AndroidManifest.xml:274:13-56
286            <meta-data
286-->src/main/AndroidManifest.xml:144:13-146:76
287                android:name="android.support.PARENT_ACTIVITY"
287-->src/main/AndroidManifest.xml:145:17-63
288                android:value="by.carkva_gazeta.malitounik.MainActivity" />
288-->src/main/AndroidManifest.xml:146:17-73
289        </activity>
290        <activity
290-->src/main/AndroidManifest.xml:280:9-287:20
291            android:name="by.carkva_gazeta.malitounik.nadsanContent"
291-->src/main/AndroidManifest.xml:281:13-42
292            android:label="@string/title_psalter"
292-->src/main/AndroidManifest.xml:282:13-50
293            android:theme="@style/AppTheme.NoActionBar" >
293-->src/main/AndroidManifest.xml:283:13-56
294            <meta-data
294-->src/main/AndroidManifest.xml:144:13-146:76
295                android:name="android.support.PARENT_ACTIVITY"
295-->src/main/AndroidManifest.xml:145:17-63
296                android:value="by.carkva_gazeta.malitounik.MainActivity" />
296-->src/main/AndroidManifest.xml:146:17-73
297        </activity>
298
299        <meta-data
299-->src/main/AndroidManifest.xml:289:9-291:82
300            android:name="com.google.android.backup.api_key"
300-->src/main/AndroidManifest.xml:290:13-61
301            android:value="AEdPqrEAAAAInlVmnTmpjY-SZQXQdB2RUIqzm6pXcrryjHH1FQ" />
301-->src/main/AndroidManifest.xml:291:13-79
302
303        <provider
303-->src/main/AndroidManifest.xml:292:9-302:20
304            android:name="androidx.core.content.FileProvider"
304-->src/main/AndroidManifest.xml:293:13-62
305            android:authorities="by.carkva_gazeta.malitounik.fileprovider"
305-->src/main/AndroidManifest.xml:294:13-75
306            android:exported="false"
306-->src/main/AndroidManifest.xml:295:13-37
307            android:grantUriPermissions="true" >
307-->src/main/AndroidManifest.xml:296:13-47
308            <meta-data
308-->src/main/AndroidManifest.xml:298:13-301:52
309                android:name="android.support.FILE_PROVIDER_PATHS"
309-->src/main/AndroidManifest.xml:299:17-67
310                android:resource="@xml/file_path" />
310-->src/main/AndroidManifest.xml:300:17-50
311        </provider>
312
313        <receiver android:name="by.carkva_gazeta.malitounik.ReceiverBroad" />
313-->src/main/AndroidManifest.xml:304:9-51
313-->src/main/AndroidManifest.xml:304:19-48
314        <receiver
314-->src/main/AndroidManifest.xml:305:9-313:20
315            android:name="by.carkva_gazeta.malitounik.ReceiverBoot"
315-->src/main/AndroidManifest.xml:306:13-41
316            android:exported="false" >
316-->src/main/AndroidManifest.xml:307:13-37
317            <intent-filter>
317-->src/main/AndroidManifest.xml:308:13-312:29
318                <action android:name="android.intent.action.BOOT_COMPLETED" />
318-->src/main/AndroidManifest.xml:309:17-79
318-->src/main/AndroidManifest.xml:309:25-76
319                <action android:name="android.intent.action.QUICKBOOT_POWERON" />
319-->src/main/AndroidManifest.xml:310:17-82
319-->src/main/AndroidManifest.xml:310:25-79
320                <action android:name="com.htc.intent.action.QUICKBOOT_POWERON" />
320-->src/main/AndroidManifest.xml:311:17-82
320-->src/main/AndroidManifest.xml:311:25-79
321            </intent-filter>
322        </receiver>
323        <receiver android:name="by.carkva_gazeta.malitounik.Widget" >
323-->src/main/AndroidManifest.xml:314:9-321:20
323-->src/main/AndroidManifest.xml:314:19-41
324            <intent-filter>
324-->src/main/AndroidManifest.xml:315:13-317:29
325                <action android:name="android.appwidget.action.APPWIDGET_UPDATE" />
325-->src/main/AndroidManifest.xml:316:17-84
325-->src/main/AndroidManifest.xml:316:25-81
326            </intent-filter>
327
328            <meta-data
328-->src/main/AndroidManifest.xml:318:13-320:59
329                android:name="android.appwidget.provider"
329-->src/main/AndroidManifest.xml:319:17-58
330                android:resource="@xml/widget_metadata" />
330-->src/main/AndroidManifest.xml:320:17-56
331        </receiver>
332        <receiver android:name="by.carkva_gazeta.malitounik.Widget_mun" >
332-->src/main/AndroidManifest.xml:322:9-329:20
332-->src/main/AndroidManifest.xml:322:19-45
333            <intent-filter>
333-->src/main/AndroidManifest.xml:315:13-317:29
334                <action android:name="android.appwidget.action.APPWIDGET_UPDATE" />
334-->src/main/AndroidManifest.xml:316:17-84
334-->src/main/AndroidManifest.xml:316:25-81
335            </intent-filter>
336
337            <meta-data
337-->src/main/AndroidManifest.xml:318:13-320:59
338                android:name="android.appwidget.provider"
338-->src/main/AndroidManifest.xml:319:17-58
339                android:resource="@xml/widget_mun_metadata" />
339-->src/main/AndroidManifest.xml:320:17-56
340        </receiver>
341        <receiver android:name="by.carkva_gazeta.malitounik.ReceiverUpdate" >
341-->src/main/AndroidManifest.xml:330:9-334:20
341-->src/main/AndroidManifest.xml:330:19-49
342            <intent-filter>
342-->src/main/AndroidManifest.xml:331:13-333:29
343                <action android:name="android.intent.action.UPDATE" />
343-->src/main/AndroidManifest.xml:332:17-71
343-->src/main/AndroidManifest.xml:332:25-68
344            </intent-filter>
345        </receiver>
346        <!-- The activity will be merged into the manifest of the hosting app. -->
347        <activity
347-->[com.google.android.play:core:1.6.4] AndroidManifest.xml:8:5-271
348            android:name="com.google.android.play.core.missingsplits.PlayCoreMissingSplitsActivity"
348-->[com.google.android.play:core:1.6.4] AndroidManifest.xml:8:15-102
349            android:enabled="false"
349-->[com.google.android.play:core:1.6.4] AndroidManifest.xml:8:103-126
350            android:exported="false"
350-->[com.google.android.play:core:1.6.4] AndroidManifest.xml:8:127-151
351            android:launchMode="singleInstance"
351-->[com.google.android.play:core:1.6.4] AndroidManifest.xml:8:204-239
352            android:process=":playcore_missing_splits_activity"
352-->[com.google.android.play:core:1.6.4] AndroidManifest.xml:8:152-203
353            android:stateNotNeeded="true" />
353-->[com.google.android.play:core:1.6.4] AndroidManifest.xml:8:240-269
354        <activity
354-->[com.google.android.play:core:1.6.4] AndroidManifest.xml:9:5-278
355            android:name="com.google.android.play.core.common.PlayCoreDialogWrapperActivity"
355-->[com.google.android.play:core:1.6.4] AndroidManifest.xml:9:15-95
356            android:enabled="false"
356-->[com.google.android.play:core:1.6.4] AndroidManifest.xml:9:96-119
357            android:exported="false"
357-->[com.google.android.play:core:1.6.4] AndroidManifest.xml:9:120-144
358            android:process=":playcore_dialog_wrapper_activity"
358-->[com.google.android.play:core:1.6.4] AndroidManifest.xml:9:175-226
359            android:stateNotNeeded="true"
359-->[com.google.android.play:core:1.6.4] AndroidManifest.xml:9:145-174